{"/home/sourabh/repos/battleship/src/gameElements.js": {"path":"/home/sourabh/repos/battleship/src/gameElements.js","statementMap":{"0":{"start":{"line":1,"column":13},"end":{"line":16,"column":1}},"1":{"start":{"line":2,"column":2},"end":{"line":15,"column":4}},"2":{"start":{"line":6,"column":6},"end":{"line":6,"column":22}},"3":{"start":{"line":9,"column":6},"end":{"line":13,"column":7}},"4":{"start":{"line":10,"column":8},"end":{"line":10,"column":20}},"5":{"start":{"line":12,"column":8},"end":{"line":12,"column":21}},"6":{"start":{"line":18,"column":18},"end":{"line":342,"column":1}},"7":{"start":{"line":19,"column":14},"end":{"line":19,"column":16}},"8":{"start":{"line":20,"column":2},"end":{"line":26,"column":3}},"9":{"start":{"line":20,"column":15},"end":{"line":20,"column":16}},"10":{"start":{"line":21,"column":14},"end":{"line":21,"column":16}},"11":{"start":{"line":22,"column":4},"end":{"line":24,"column":5}},"12":{"start":{"line":22,"column":17},"end":{"line":22,"column":18}},"13":{"start":{"line":23,"column":6},"end":{"line":23,"column":18}},"14":{"start":{"line":25,"column":4},"end":{"line":25,"column":20}},"15":{"start":{"line":28,"column":4},"end":{"line":28,"column":19}},"16":{"start":{"line":31,"column":4},"end":{"line":31,"column":19}},"17":{"start":{"line":34,"column":4},"end":{"line":34,"column":19}},"18":{"start":{"line":40,"column":4},"end":{"line":40,"column":19}},"19":{"start":{"line":43,"column":12},"end":{"line":43,"column":13}},"20":{"start":{"line":44,"column":4},"end":{"line":51,"column":5}},"21":{"start":{"line":45,"column":6},"end":{"line":49,"column":7}},"22":{"start":{"line":46,"column":8},"end":{"line":48,"column":9}},"23":{"start":{"line":47,"column":10},"end":{"line":47,"column":23}},"24":{"start":{"line":50,"column":6},"end":{"line":50,"column":10}},"25":{"start":{"line":52,"column":4},"end":{"line":56,"column":5}},"26":{"start":{"line":53,"column":6},"end":{"line":55,"column":7}},"27":{"start":{"line":54,"column":8},"end":{"line":54,"column":21}},"28":{"start":{"line":58,"column":2},"end":{"line":341,"column":4}},"29":{"start":{"line":61,"column":6},"end":{"line":339,"column":7}},"30":{"start":{"line":62,"column":8},"end":{"line":338,"column":9}},"31":{"start":{"line":63,"column":10},"end":{"line":83,"column":11}},"32":{"start":{"line":64,"column":20},"end":{"line":64,"column":21}},"33":{"start":{"line":65,"column":12},"end":{"line":74,"column":13}},"34":{"start":{"line":66,"column":14},"end":{"line":70,"column":15}},"35":{"start":{"line":67,"column":16},"end":{"line":67,"column":39}},"36":{"start":{"line":68,"column":16},"end":{"line":68,"column":42}},"37":{"start":{"line":69,"column":16},"end":{"line":69,"column":20}},"38":{"start":{"line":71,"column":14},"end":{"line":71,"column":36}},"39":{"start":{"line":72,"column":14},"end":{"line":72,"column":40}},"40":{"start":{"line":73,"column":14},"end":{"line":73,"column":21}},"41":{"start":{"line":75,"column":12},"end":{"line":79,"column":13}},"42":{"start":{"line":76,"column":14},"end":{"line":76,"column":37}},"43":{"start":{"line":77,"column":14},"end":{"line":77,"column":40}},"44":{"start":{"line":78,"column":14},"end":{"line":78,"column":18}},"45":{"start":{"line":80,"column":12},"end":{"line":80,"column":38}},"46":{"start":{"line":81,"column":12},"end":{"line":81,"column":34}},"47":{"start":{"line":82,"column":12},"end":{"line":82,"column":19}},"48":{"start":{"line":84,"column":10},"end":{"line":84,"column":29}},"49":{"start":{"line":85,"column":10},"end":{"line":85,"column":32}},"50":{"start":{"line":86,"column":10},"end":{"line":86,"column":32}},"51":{"start":{"line":87,"column":10},"end":{"line":87,"column":36}},"52":{"start":{"line":88,"column":15},"end":{"line":338,"column":9}},"53":{"start":{"line":89,"column":10},"end":{"line":111,"column":11}},"54":{"start":{"line":90,"column":20},"end":{"line":90,"column":21}},"55":{"start":{"line":91,"column":12},"end":{"line":101,"column":13}},"56":{"start":{"line":92,"column":14},"end":{"line":92,"column":35}},"57":{"start":{"line":93,"column":14},"end":{"line":93,"column":36}},"58":{"start":{"line":94,"column":14},"end":{"line":94,"column":40}},"59":{"start":{"line":95,"column":14},"end":{"line":99,"column":15}},"60":{"start":{"line":96,"column":16},"end":{"line":96,"column":39}},"61":{"start":{"line":97,"column":16},"end":{"line":97,"column":42}},"62":{"start":{"line":98,"column":16},"end":{"line":98,"column":20}},"63":{"start":{"line":100,"column":14},"end":{"line":100,"column":21}},"64":{"start":{"line":102,"column":12},"end":{"line":102,"column":18}},"65":{"start":{"line":103,"column":12},"end":{"line":107,"column":13}},"66":{"start":{"line":104,"column":14},"end":{"line":104,"column":40}},"67":{"start":{"line":105,"column":14},"end":{"line":105,"column":37}},"68":{"start":{"line":106,"column":14},"end":{"line":106,"column":18}},"69":{"start":{"line":108,"column":12},"end":{"line":108,"column":38}},"70":{"start":{"line":109,"column":12},"end":{"line":109,"column":34}},"71":{"start":{"line":110,"column":12},"end":{"line":110,"column":19}},"72":{"start":{"line":112,"column":10},"end":{"line":112,"column":29}},"73":{"start":{"line":113,"column":10},"end":{"line":113,"column":32}},"74":{"start":{"line":114,"column":10},"end":{"line":114,"column":32}},"75":{"start":{"line":115,"column":10},"end":{"line":115,"column":36}},"76":{"start":{"line":116,"column":15},"end":{"line":338,"column":9}},"77":{"start":{"line":117,"column":10},"end":{"line":137,"column":11}},"78":{"start":{"line":118,"column":20},"end":{"line":118,"column":21}},"79":{"start":{"line":119,"column":12},"end":{"line":128,"column":13}},"80":{"start":{"line":120,"column":14},"end":{"line":124,"column":15}},"81":{"start":{"line":121,"column":16},"end":{"line":121,"column":39}},"82":{"start":{"line":122,"column":16},"end":{"line":122,"column":42}},"83":{"start":{"line":123,"column":16},"end":{"line":123,"column":20}},"84":{"start":{"line":125,"column":14},"end":{"line":125,"column":36}},"85":{"start":{"line":126,"column":14},"end":{"line":126,"column":40}},"86":{"start":{"line":127,"column":14},"end":{"line":127,"column":21}},"87":{"start":{"line":129,"column":12},"end":{"line":133,"column":13}},"88":{"start":{"line":130,"column":14},"end":{"line":130,"column":37}},"89":{"start":{"line":131,"column":14},"end":{"line":131,"column":40}},"90":{"start":{"line":132,"column":14},"end":{"line":132,"column":18}},"91":{"start":{"line":134,"column":12},"end":{"line":134,"column":34}},"92":{"start":{"line":135,"column":12},"end":{"line":135,"column":38}},"93":{"start":{"line":136,"column":12},"end":{"line":136,"column":19}},"94":{"start":{"line":138,"column":10},"end":{"line":138,"column":29}},"95":{"start":{"line":139,"column":10},"end":{"line":139,"column":32}},"96":{"start":{"line":140,"column":10},"end":{"line":140,"column":32}},"97":{"start":{"line":141,"column":10},"end":{"line":141,"column":36}},"98":{"start":{"line":142,"column":15},"end":{"line":338,"column":9}},"99":{"start":{"line":143,"column":10},"end":{"line":164,"column":11}},"100":{"start":{"line":144,"column":20},"end":{"line":144,"column":21}},"101":{"start":{"line":145,"column":12},"end":{"line":155,"column":13}},"102":{"start":{"line":146,"column":14},"end":{"line":146,"column":35}},"103":{"start":{"line":147,"column":14},"end":{"line":147,"column":40}},"104":{"start":{"line":148,"column":14},"end":{"line":148,"column":36}},"105":{"start":{"line":149,"column":14},"end":{"line":153,"column":15}},"106":{"start":{"line":150,"column":16},"end":{"line":150,"column":39}},"107":{"start":{"line":151,"column":16},"end":{"line":151,"column":42}},"108":{"start":{"line":152,"column":16},"end":{"line":152,"column":20}},"109":{"start":{"line":154,"column":14},"end":{"line":154,"column":21}},"110":{"start":{"line":156,"column":12},"end":{"line":160,"column":13}},"111":{"start":{"line":157,"column":14},"end":{"line":157,"column":37}},"112":{"start":{"line":158,"column":14},"end":{"line":158,"column":40}},"113":{"start":{"line":159,"column":14},"end":{"line":159,"column":18}},"114":{"start":{"line":161,"column":12},"end":{"line":161,"column":34}},"115":{"start":{"line":162,"column":12},"end":{"line":162,"column":38}},"116":{"start":{"line":163,"column":12},"end":{"line":163,"column":19}},"117":{"start":{"line":165,"column":10},"end":{"line":165,"column":29}},"118":{"start":{"line":166,"column":10},"end":{"line":166,"column":32}},"119":{"start":{"line":167,"column":10},"end":{"line":167,"column":32}},"120":{"start":{"line":168,"column":10},"end":{"line":168,"column":36}},"121":{"start":{"line":169,"column":15},"end":{"line":338,"column":9}},"122":{"start":{"line":170,"column":10},"end":{"line":194,"column":11}},"123":{"start":{"line":171,"column":20},"end":{"line":171,"column":21}},"124":{"start":{"line":172,"column":12},"end":{"line":183,"column":13}},"125":{"start":{"line":173,"column":14},"end":{"line":173,"column":36}},"126":{"start":{"line":174,"column":14},"end":{"line":174,"column":40}},"127":{"start":{"line":175,"column":14},"end":{"line":179,"column":15}},"128":{"start":{"line":176,"column":16},"end":{"line":176,"column":39}},"129":{"start":{"line":177,"column":16},"end":{"line":177,"column":42}},"130":{"start":{"line":178,"column":16},"end":{"line":178,"column":20}},"131":{"start":{"line":180,"column":14},"end":{"line":180,"column":36}},"132":{"start":{"line":181,"column":14},"end":{"line":181,"column":40}},"133":{"start":{"line":182,"column":14},"end":{"line":182,"column":21}},"134":{"start":{"line":184,"column":12},"end":{"line":189,"column":13}},"135":{"start":{"line":185,"column":14},"end":{"line":185,"column":40}},"136":{"start":{"line":186,"column":14},"end":{"line":186,"column":37}},"137":{"start":{"line":187,"column":14},"end":{"line":187,"column":40}},"138":{"start":{"line":188,"column":14},"end":{"line":188,"column":18}},"139":{"start":{"line":190,"column":12},"end":{"line":190,"column":38}},"140":{"start":{"line":191,"column":12},"end":{"line":191,"column":34}},"141":{"start":{"line":192,"column":12},"end":{"line":192,"column":38}},"142":{"start":{"line":193,"column":12},"end":{"line":193,"column":19}},"143":{"start":{"line":195,"column":10},"end":{"line":195,"column":29}},"144":{"start":{"line":196,"column":10},"end":{"line":196,"column":32}},"145":{"start":{"line":197,"column":10},"end":{"line":197,"column":32}},"146":{"start":{"line":198,"column":10},"end":{"line":198,"column":32}},"147":{"start":{"line":199,"column":10},"end":{"line":199,"column":36}},"148":{"start":{"line":200,"column":10},"end":{"line":200,"column":36}},"149":{"start":{"line":201,"column":15},"end":{"line":338,"column":9}},"150":{"start":{"line":202,"column":10},"end":{"line":226,"column":11}},"151":{"start":{"line":203,"column":20},"end":{"line":203,"column":21}},"152":{"start":{"line":204,"column":12},"end":{"line":215,"column":13}},"153":{"start":{"line":205,"column":14},"end":{"line":205,"column":40}},"154":{"start":{"line":206,"column":14},"end":{"line":206,"column":36}},"155":{"start":{"line":207,"column":14},"end":{"line":211,"column":15}},"156":{"start":{"line":208,"column":16},"end":{"line":208,"column":39}},"157":{"start":{"line":209,"column":16},"end":{"line":209,"column":42}},"158":{"start":{"line":210,"column":16},"end":{"line":210,"column":20}},"159":{"start":{"line":212,"column":14},"end":{"line":212,"column":40}},"160":{"start":{"line":213,"column":14},"end":{"line":213,"column":36}},"161":{"start":{"line":214,"column":14},"end":{"line":214,"column":21}},"162":{"start":{"line":216,"column":12},"end":{"line":221,"column":13}},"163":{"start":{"line":217,"column":14},"end":{"line":217,"column":40}},"164":{"start":{"line":218,"column":14},"end":{"line":218,"column":37}},"165":{"start":{"line":219,"column":14},"end":{"line":219,"column":40}},"166":{"start":{"line":220,"column":14},"end":{"line":220,"column":18}},"167":{"start":{"line":222,"column":12},"end":{"line":222,"column":38}},"168":{"start":{"line":223,"column":12},"end":{"line":223,"column":34}},"169":{"start":{"line":224,"column":12},"end":{"line":224,"column":38}},"170":{"start":{"line":225,"column":12},"end":{"line":225,"column":19}},"171":{"start":{"line":227,"column":10},"end":{"line":227,"column":29}},"172":{"start":{"line":228,"column":10},"end":{"line":228,"column":32}},"173":{"start":{"line":229,"column":10},"end":{"line":229,"column":32}},"174":{"start":{"line":230,"column":10},"end":{"line":230,"column":32}},"175":{"start":{"line":231,"column":10},"end":{"line":231,"column":36}},"176":{"start":{"line":232,"column":10},"end":{"line":232,"column":36}},"177":{"start":{"line":233,"column":15},"end":{"line":338,"column":9}},"178":{"start":{"line":234,"column":10},"end":{"line":258,"column":11}},"179":{"start":{"line":235,"column":20},"end":{"line":235,"column":21}},"180":{"start":{"line":236,"column":12},"end":{"line":247,"column":13}},"181":{"start":{"line":237,"column":14},"end":{"line":242,"column":15}},"182":{"start":{"line":238,"column":16},"end":{"line":238,"column":42}},"183":{"start":{"line":239,"column":16},"end":{"line":239,"column":39}},"184":{"start":{"line":240,"column":16},"end":{"line":240,"column":42}},"185":{"start":{"line":241,"column":16},"end":{"line":241,"column":20}},"186":{"start":{"line":243,"column":14},"end":{"line":243,"column":40}},"187":{"start":{"line":244,"column":14},"end":{"line":244,"column":36}},"188":{"start":{"line":245,"column":14},"end":{"line":245,"column":40}},"189":{"start":{"line":246,"column":14},"end":{"line":246,"column":21}},"190":{"start":{"line":248,"column":12},"end":{"line":248,"column":34}},"191":{"start":{"line":249,"column":12},"end":{"line":249,"column":38}},"192":{"start":{"line":250,"column":12},"end":{"line":254,"column":13}},"193":{"start":{"line":251,"column":14},"end":{"line":251,"column":37}},"194":{"start":{"line":252,"column":14},"end":{"line":252,"column":40}},"195":{"start":{"line":253,"column":14},"end":{"line":253,"column":18}},"196":{"start":{"line":255,"column":12},"end":{"line":255,"column":34}},"197":{"start":{"line":256,"column":12},"end":{"line":256,"column":38}},"198":{"start":{"line":257,"column":12},"end":{"line":257,"column":19}},"199":{"start":{"line":259,"column":10},"end":{"line":259,"column":29}},"200":{"start":{"line":260,"column":10},"end":{"line":260,"column":32}},"201":{"start":{"line":261,"column":10},"end":{"line":261,"column":32}},"202":{"start":{"line":262,"column":10},"end":{"line":262,"column":36}},"203":{"start":{"line":263,"column":10},"end":{"line":263,"column":32}},"204":{"start":{"line":264,"column":10},"end":{"line":264,"column":36}},"205":{"start":{"line":265,"column":15},"end":{"line":338,"column":9}},"206":{"start":{"line":266,"column":10},"end":{"line":290,"column":11}},"207":{"start":{"line":267,"column":20},"end":{"line":267,"column":21}},"208":{"start":{"line":268,"column":12},"end":{"line":279,"column":13}},"209":{"start":{"line":269,"column":14},"end":{"line":274,"column":15}},"210":{"start":{"line":270,"column":16},"end":{"line":270,"column":42}},"211":{"start":{"line":271,"column":16},"end":{"line":271,"column":39}},"212":{"start":{"line":272,"column":16},"end":{"line":272,"column":42}},"213":{"start":{"line":273,"column":16},"end":{"line":273,"column":20}},"214":{"start":{"line":275,"column":14},"end":{"line":275,"column":40}},"215":{"start":{"line":276,"column":14},"end":{"line":276,"column":36}},"216":{"start":{"line":277,"column":14},"end":{"line":277,"column":40}},"217":{"start":{"line":278,"column":14},"end":{"line":278,"column":21}},"218":{"start":{"line":280,"column":12},"end":{"line":280,"column":34}},"219":{"start":{"line":281,"column":12},"end":{"line":281,"column":38}},"220":{"start":{"line":282,"column":12},"end":{"line":286,"column":13}},"221":{"start":{"line":283,"column":14},"end":{"line":283,"column":37}},"222":{"start":{"line":284,"column":14},"end":{"line":284,"column":40}},"223":{"start":{"line":285,"column":14},"end":{"line":285,"column":18}},"224":{"start":{"line":287,"column":12},"end":{"line":287,"column":34}},"225":{"start":{"line":288,"column":12},"end":{"line":288,"column":38}},"226":{"start":{"line":289,"column":12},"end":{"line":289,"column":19}},"227":{"start":{"line":291,"column":10},"end":{"line":291,"column":29}},"228":{"start":{"line":292,"column":10},"end":{"line":292,"column":32}},"229":{"start":{"line":293,"column":10},"end":{"line":293,"column":32}},"230":{"start":{"line":294,"column":10},"end":{"line":294,"column":36}},"231":{"start":{"line":295,"column":10},"end":{"line":295,"column":32}},"232":{"start":{"line":296,"column":10},"end":{"line":296,"column":36}},"233":{"start":{"line":298,"column":10},"end":{"line":328,"column":11}},"234":{"start":{"line":299,"column":20},"end":{"line":299,"column":21}},"235":{"start":{"line":300,"column":12},"end":{"line":314,"column":13}},"236":{"start":{"line":301,"column":14},"end":{"line":301,"column":40}},"237":{"start":{"line":302,"column":14},"end":{"line":302,"column":36}},"238":{"start":{"line":303,"column":14},"end":{"line":303,"column":40}},"239":{"start":{"line":304,"column":14},"end":{"line":309,"column":15}},"240":{"start":{"line":305,"column":16},"end":{"line":305,"column":42}},"241":{"start":{"line":306,"column":16},"end":{"line":306,"column":39}},"242":{"start":{"line":307,"column":16},"end":{"line":307,"column":42}},"243":{"start":{"line":308,"column":16},"end":{"line":308,"column":20}},"244":{"start":{"line":310,"column":14},"end":{"line":310,"column":40}},"245":{"start":{"line":311,"column":14},"end":{"line":311,"column":36}},"246":{"start":{"line":312,"column":14},"end":{"line":312,"column":40}},"247":{"start":{"line":313,"column":14},"end":{"line":313,"column":21}},"248":{"start":{"line":315,"column":12},"end":{"line":315,"column":38}},"249":{"start":{"line":316,"column":12},"end":{"line":316,"column":34}},"250":{"start":{"line":317,"column":12},"end":{"line":317,"column":38}},"251":{"start":{"line":318,"column":12},"end":{"line":323,"column":13}},"252":{"start":{"line":319,"column":14},"end":{"line":319,"column":40}},"253":{"start":{"line":320,"column":14},"end":{"line":320,"column":37}},"254":{"start":{"line":321,"column":14},"end":{"line":321,"column":40}},"255":{"start":{"line":322,"column":14},"end":{"line":322,"column":18}},"256":{"start":{"line":324,"column":12},"end":{"line":324,"column":38}},"257":{"start":{"line":325,"column":12},"end":{"line":325,"column":34}},"258":{"start":{"line":326,"column":12},"end":{"line":326,"column":38}},"259":{"start":{"line":327,"column":12},"end":{"line":327,"column":19}},"260":{"start":{"line":329,"column":10},"end":{"line":329,"column":29}},"261":{"start":{"line":330,"column":10},"end":{"line":330,"column":36}},"262":{"start":{"line":331,"column":10},"end":{"line":331,"column":32}},"263":{"start":{"line":332,"column":10},"end":{"line":332,"column":36}},"264":{"start":{"line":333,"column":10},"end":{"line":333,"column":32}},"265":{"start":{"line":334,"column":10},"end":{"line":334,"column":32}},"266":{"start":{"line":335,"column":10},"end":{"line":335,"column":36}},"267":{"start":{"line":336,"column":10},"end":{"line":336,"column":32}},"268":{"start":{"line":337,"column":10},"end":{"line":337,"column":36}},"269":{"start":{"line":343,"column":14},"end":{"line":343,"column":25}},"270":{"start":{"line":344,"column":0},"end":{"line":344,"column":30}},"271":{"start":{"line":345,"column":0},"end":{"line":345,"column":25}}},"fnMap":{"0":{"name":"(anonymous_0)","decl":{"start":{"line":1,"column":13},"end":{"line":1,"column":14}},"loc":{"start":{"line":1,"column":43},"end":{"line":16,"column":1}},"line":1},"1":{"name":"(anonymous_1)","decl":{"start":{"line":5,"column":4},"end":{"line":5,"column":5}},"loc":{"start":{"line":5,"column":10},"end":{"line":7,"column":5}},"line":5},"2":{"name":"(anonymous_2)","decl":{"start":{"line":8,"column":4},"end":{"line":8,"column":5}},"loc":{"start":{"line":8,"column":13},"end":{"line":14,"column":5}},"line":8},"3":{"name":"(anonymous_3)","decl":{"start":{"line":18,"column":18},"end":{"line":18,"column":19}},"loc":{"start":{"line":18,"column":24},"end":{"line":342,"column":1}},"line":18},"4":{"name":"isTopRow","decl":{"start":{"line":27,"column":11},"end":{"line":27,"column":19}},"loc":{"start":{"line":27,"column":26},"end":{"line":29,"column":3}},"line":27},"5":{"name":"isBottomRow","decl":{"start":{"line":30,"column":11},"end":{"line":30,"column":22}},"loc":{"start":{"line":30,"column":29},"end":{"line":32,"column":3}},"line":30},"6":{"name":"isLeftMostColoumn","decl":{"start":{"line":33,"column":11},"end":{"line":33,"column":28}},"loc":{"start":{"line":33,"column":35},"end":{"line":35,"column":3}},"line":33},"7":{"name":"isRightMostColumn","decl":{"start":{"line":36,"column":11},"end":{"line":36,"column":28}},"loc":{"start":{"line":36,"column":43},"end":{"line":41,"column":3}},"line":36},"8":{"name":"placeCheck","decl":{"start":{"line":42,"column":11},"end":{"line":42,"column":21}},"loc":{"start":{"line":42,"column":42},"end":{"line":57,"column":3}},"line":42},"9":{"name":"(anonymous_9)","decl":{"start":{"line":60,"column":4},"end":{"line":60,"column":5}},"loc":{"start":{"line":60,"column":58},"end":{"line":340,"column":5}},"line":60}},"branchMap":{"0":{"loc":{"start":{"line":1,"column":14},"end":{"line":1,"column":24}},"type":"default-arg","locations":[{"start":{"line":1,"column":23},"end":{"line":1,"column":24}}],"line":1},"1":{"loc":{"start":{"line":1,"column":26},"end":{"line":1,"column":38}},"type":"default-arg","locations":[{"start":{"line":1,"column":37},"end":{"line":1,"column":38}}],"line":1},"2":{"loc":{"start":{"line":3,"column":12},"end":{"line":3,"column":55}},"type":"cond-expr","locations":[{"start":{"line":3,"column":42},"end":{"line":3,"column":48}},{"start":{"line":3,"column":51},"end":{"line":3,"column":55}}],"line":3},"3":{"loc":{"start":{"line":3,"column":12},"end":{"line":3,"column":39}},"type":"binary-expr","locations":[{"start":{"line":3,"column":12},"end":{"line":3,"column":23}},{"start":{"line":3,"column":27},"end":{"line":3,"column":39}}],"line":3},"4":{"loc":{"start":{"line":9,"column":6},"end":{"line":13,"column":7}},"type":"if","locations":[{"start":{"line":9,"column":6},"end":{"line":13,"column":7}},{"start":{"line":11,"column":13},"end":{"line":13,"column":7}}],"line":9},"5":{"loc":{"start":{"line":44,"column":4},"end":{"line":51,"column":5}},"type":"if","locations":[{"start":{"line":44,"column":4},"end":{"line":51,"column":5}},{"start":{},"end":{}}],"line":44},"6":{"loc":{"start":{"line":45,"column":13},"end":{"line":45,"column":56}},"type":"binary-expr","locations":[{"start":{"line":45,"column":13},"end":{"line":45,"column":28}},{"start":{"line":45,"column":32},"end":{"line":45,"column":42}},{"start":{"line":45,"column":46},"end":{"line":45,"column":56}}],"line":45},"7":{"loc":{"start":{"line":46,"column":8},"end":{"line":48,"column":9}},"type":"if","locations":[{"start":{"line":46,"column":8},"end":{"line":48,"column":9}},{"start":{},"end":{}}],"line":46},"8":{"loc":{"start":{"line":52,"column":4},"end":{"line":56,"column":5}},"type":"if","locations":[{"start":{"line":52,"column":4},"end":{"line":56,"column":5}},{"start":{},"end":{}}],"line":52},"9":{"loc":{"start":{"line":53,"column":6},"end":{"line":55,"column":7}},"type":"if","locations":[{"start":{"line":53,"column":6},"end":{"line":55,"column":7}},{"start":{},"end":{}}],"line":53},"10":{"loc":{"start":{"line":60,"column":20},"end":{"line":60,"column":33}},"type":"default-arg","locations":[{"start":{"line":60,"column":27},"end":{"line":60,"column":33}}],"line":60},"11":{"loc":{"start":{"line":60,"column":35},"end":{"line":60,"column":56}},"type":"default-arg","locations":[{"start":{"line":60,"column":44},"end":{"line":60,"column":56}}],"line":60},"12":{"loc":{"start":{"line":61,"column":6},"end":{"line":339,"column":7}},"type":"if","locations":[{"start":{"line":61,"column":6},"end":{"line":339,"column":7}},{"start":{},"end":{}}],"line":61},"13":{"loc":{"start":{"line":62,"column":8},"end":{"line":338,"column":9}},"type":"if","locations":[{"start":{"line":62,"column":8},"end":{"line":338,"column":9}},{"start":{"line":88,"column":15},"end":{"line":338,"column":9}}],"line":62},"14":{"loc":{"start":{"line":62,"column":12},"end":{"line":62,"column":53}},"type":"binary-expr","locations":[{"start":{"line":62,"column":12},"end":{"line":62,"column":26}},{"start":{"line":62,"column":30},"end":{"line":62,"column":53}}],"line":62},"15":{"loc":{"start":{"line":63,"column":10},"end":{"line":83,"column":11}},"type":"if","locations":[{"start":{"line":63,"column":10},"end":{"line":83,"column":11}},{"start":{},"end":{}}],"line":63},"16":{"loc":{"start":{"line":65,"column":12},"end":{"line":74,"column":13}},"type":"if","locations":[{"start":{"line":65,"column":12},"end":{"line":74,"column":13}},{"start":{},"end":{}}],"line":65},"17":{"loc":{"start":{"line":88,"column":15},"end":{"line":338,"column":9}},"type":"if","locations":[{"start":{"line":88,"column":15},"end":{"line":338,"column":9}},{"start":{"line":116,"column":15},"end":{"line":338,"column":9}}],"line":88},"18":{"loc":{"start":{"line":88,"column":19},"end":{"line":88,"column":73}},"type":"binary-expr","locations":[{"start":{"line":88,"column":19},"end":{"line":88,"column":33}},{"start":{"line":88,"column":37},"end":{"line":88,"column":73}}],"line":88},"19":{"loc":{"start":{"line":89,"column":10},"end":{"line":111,"column":11}},"type":"if","locations":[{"start":{"line":89,"column":10},"end":{"line":111,"column":11}},{"start":{},"end":{}}],"line":89},"20":{"loc":{"start":{"line":91,"column":12},"end":{"line":101,"column":13}},"type":"if","locations":[{"start":{"line":91,"column":12},"end":{"line":101,"column":13}},{"start":{},"end":{}}],"line":91},"21":{"loc":{"start":{"line":116,"column":15},"end":{"line":338,"column":9}},"type":"if","locations":[{"start":{"line":116,"column":15},"end":{"line":338,"column":9}},{"start":{"line":142,"column":15},"end":{"line":338,"column":9}}],"line":116},"22":{"loc":{"start":{"line":116,"column":19},"end":{"line":116,"column":63}},"type":"binary-expr","locations":[{"start":{"line":116,"column":19},"end":{"line":116,"column":36}},{"start":{"line":116,"column":40},"end":{"line":116,"column":63}}],"line":116},"23":{"loc":{"start":{"line":117,"column":10},"end":{"line":137,"column":11}},"type":"if","locations":[{"start":{"line":117,"column":10},"end":{"line":137,"column":11}},{"start":{},"end":{}}],"line":117},"24":{"loc":{"start":{"line":119,"column":12},"end":{"line":128,"column":13}},"type":"if","locations":[{"start":{"line":119,"column":12},"end":{"line":128,"column":13}},{"start":{},"end":{}}],"line":119},"25":{"loc":{"start":{"line":142,"column":15},"end":{"line":338,"column":9}},"type":"if","locations":[{"start":{"line":142,"column":15},"end":{"line":338,"column":9}},{"start":{"line":169,"column":15},"end":{"line":338,"column":9}}],"line":142},"26":{"loc":{"start":{"line":142,"column":19},"end":{"line":142,"column":76}},"type":"binary-expr","locations":[{"start":{"line":142,"column":19},"end":{"line":142,"column":36}},{"start":{"line":142,"column":40},"end":{"line":142,"column":76}}],"line":142},"27":{"loc":{"start":{"line":143,"column":10},"end":{"line":164,"column":11}},"type":"if","locations":[{"start":{"line":143,"column":10},"end":{"line":164,"column":11}},{"start":{},"end":{}}],"line":143},"28":{"loc":{"start":{"line":145,"column":12},"end":{"line":155,"column":13}},"type":"if","locations":[{"start":{"line":145,"column":12},"end":{"line":155,"column":13}},{"start":{},"end":{}}],"line":145},"29":{"loc":{"start":{"line":169,"column":15},"end":{"line":338,"column":9}},"type":"if","locations":[{"start":{"line":169,"column":15},"end":{"line":338,"column":9}},{"start":{"line":201,"column":15},"end":{"line":338,"column":9}}],"line":169},"30":{"loc":{"start":{"line":170,"column":10},"end":{"line":194,"column":11}},"type":"if","locations":[{"start":{"line":170,"column":10},"end":{"line":194,"column":11}},{"start":{},"end":{}}],"line":170},"31":{"loc":{"start":{"line":172,"column":12},"end":{"line":183,"column":13}},"type":"if","locations":[{"start":{"line":172,"column":12},"end":{"line":183,"column":13}},{"start":{},"end":{}}],"line":172},"32":{"loc":{"start":{"line":201,"column":15},"end":{"line":338,"column":9}},"type":"if","locations":[{"start":{"line":201,"column":15},"end":{"line":338,"column":9}},{"start":{"line":233,"column":15},"end":{"line":338,"column":9}}],"line":201},"33":{"loc":{"start":{"line":202,"column":10},"end":{"line":226,"column":11}},"type":"if","locations":[{"start":{"line":202,"column":10},"end":{"line":226,"column":11}},{"start":{},"end":{}}],"line":202},"34":{"loc":{"start":{"line":204,"column":12},"end":{"line":215,"column":13}},"type":"if","locations":[{"start":{"line":204,"column":12},"end":{"line":215,"column":13}},{"start":{},"end":{}}],"line":204},"35":{"loc":{"start":{"line":233,"column":15},"end":{"line":338,"column":9}},"type":"if","locations":[{"start":{"line":233,"column":15},"end":{"line":338,"column":9}},{"start":{"line":265,"column":15},"end":{"line":338,"column":9}}],"line":233},"36":{"loc":{"start":{"line":234,"column":10},"end":{"line":258,"column":11}},"type":"if","locations":[{"start":{"line":234,"column":10},"end":{"line":258,"column":11}},{"start":{},"end":{}}],"line":234},"37":{"loc":{"start":{"line":236,"column":12},"end":{"line":247,"column":13}},"type":"if","locations":[{"start":{"line":236,"column":12},"end":{"line":247,"column":13}},{"start":{},"end":{}}],"line":236},"38":{"loc":{"start":{"line":265,"column":15},"end":{"line":338,"column":9}},"type":"if","locations":[{"start":{"line":265,"column":15},"end":{"line":338,"column":9}},{"start":{"line":297,"column":15},"end":{"line":338,"column":9}}],"line":265},"39":{"loc":{"start":{"line":266,"column":10},"end":{"line":290,"column":11}},"type":"if","locations":[{"start":{"line":266,"column":10},"end":{"line":290,"column":11}},{"start":{},"end":{}}],"line":266},"40":{"loc":{"start":{"line":268,"column":12},"end":{"line":279,"column":13}},"type":"if","locations":[{"start":{"line":268,"column":12},"end":{"line":279,"column":13}},{"start":{},"end":{}}],"line":268},"41":{"loc":{"start":{"line":298,"column":10},"end":{"line":328,"column":11}},"type":"if","locations":[{"start":{"line":298,"column":10},"end":{"line":328,"column":11}},{"start":{},"end":{}}],"line":298},"42":{"loc":{"start":{"line":300,"column":12},"end":{"line":314,"column":13}},"type":"if","locations":[{"start":{"line":300,"column":12},"end":{"line":314,"column":13}},{"start":{},"end":{}}],"line":300}},"s":{"0":1,"1":6,"2":4,"3":2,"4":1,"5":1,"6":1,"7":36,"8":36,"9":36,"10":360,"11":360,"12":360,"13":3600,"14":360,"15":69,"16":54,"17":28,"18":19,"19":0,"20":0,"21":0,"22":0,"23":0,"24":0,"25":0,"26":0,"27":0,"28":36,"29":28,"30":28,"31":3,"32":2,"33":2,"34":1,"35":4,"36":4,"37":4,"38":1,"39":1,"40":1,"41":1,"42":4,"43":4,"44":4,"45":1,"46":1,"47":1,"48":1,"49":1,"50":1,"51":1,"52":25,"53":3,"54":2,"55":2,"56":1,"57":1,"58":1,"59":1,"60":4,"61":4,"62":4,"63":1,"64":1,"65":1,"66":4,"67":4,"68":4,"69":1,"70":1,"71":1,"72":1,"73":1,"74":1,"75":1,"76":22,"77":3,"78":2,"79":2,"80":1,"81":4,"82":4,"83":4,"84":1,"85":1,"86":1,"87":1,"88":4,"89":4,"90":4,"91":1,"92":1,"93":1,"94":1,"95":1,"96":1,"97":1,"98":19,"99":3,"100":2,"101":2,"102":1,"103":1,"104":1,"105":1,"106":4,"107":4,"108":4,"109":1,"110":1,"111":4,"112":4,"113":4,"114":1,"115":1,"116":1,"117":1,"118":1,"119":1,"120":1,"121":16,"122":3,"123":2,"124":2,"125":1,"126":1,"127":1,"128":4,"129":4,"130":4,"131":1,"132":1,"133":1,"134":1,"135":4,"136":4,"137":4,"138":4,"139":1,"140":1,"141":1,"142":1,"143":1,"144":1,"145":1,"146":1,"147":1,"148":1,"149":13,"150":3,"151":2,"152":2,"153":1,"154":1,"155":1,"156":4,"157":4,"158":4,"159":1,"160":1,"161":1,"162":1,"163":4,"164":4,"165":4,"166":4,"167":1,"168":1,"169":1,"170":1,"171":1,"172":1,"173":1,"174":1,"175":1,"176":1,"177":10,"178":3,"179":2,"180":2,"181":1,"182":4,"183":4,"184":4,"185":4,"186":1,"187":1,"188":1,"189":1,"190":1,"191":1,"192":1,"193":4,"194":4,"195":4,"196":1,"197":1,"198":1,"199":1,"200":1,"201":1,"202":1,"203":1,"204":1,"205":7,"206":3,"207":2,"208":2,"209":1,"210":4,"211":4,"212":4,"213":4,"214":1,"215":1,"216":1,"217":1,"218":1,"219":1,"220":1,"221":4,"222":4,"223":4,"224":1,"225":1,"226":1,"227":1,"228":1,"229":1,"230":1,"231":1,"232":1,"233":4,"234":3,"235":3,"236":2,"237":2,"238":2,"239":2,"240":8,"241":8,"242":8,"243":8,"244":2,"245":2,"246":2,"247":2,"248":1,"249":1,"250":1,"251":1,"252":4,"253":4,"254":4,"255":4,"256":1,"257":1,"258":1,"259":1,"260":1,"261":1,"262":1,"263":1,"264":1,"265":1,"266":1,"267":1,"268":1,"269":1,"270":1,"271":1},"f":{"0":6,"1":4,"2":2,"3":36,"4":69,"5":54,"6":28,"7":19,"8":0,"9":28},"b":{"0":[2],"1":[6],"2":[5,1],"3":[6,5],"4":[1,1],"5":[0,0],"6":[0,0,0],"7":[0,0],"8":[0,0],"9":[0,0],"10":[0],"11":[19],"12":[28,0],"13":[3,25],"14":[28,9],"15":[2,1],"16":[1,1],"17":[3,22],"18":[25,6],"19":[2,1],"20":[1,1],"21":[3,19],"22":[22,9],"23":[2,1],"24":[1,1],"25":[3,16],"26":[19,6],"27":[2,1],"28":[1,1],"29":[3,13],"30":[2,1],"31":[1,1],"32":[3,10],"33":[2,1],"34":[1,1],"35":[3,7],"36":[2,1],"37":[1,1],"38":[3,4],"39":[2,1],"40":[1,1],"41":[3,1],"42":[2,1]},"_coverageSchema":"1a1c01bbd47fc00a2c39e90264f33305004495a9","hash":"235a8fae4bbac6a7642b42156db2146016e9d3bd"}
}
