{"/home/sourabh/repos/battleship/src/gameElements.js": {"path":"/home/sourabh/repos/battleship/src/gameElements.js","statementMap":{"0":{"start":{"line":1,"column":13},"end":{"line":16,"column":1}},"1":{"start":{"line":2,"column":2},"end":{"line":15,"column":4}},"2":{"start":{"line":6,"column":6},"end":{"line":6,"column":22}},"3":{"start":{"line":9,"column":6},"end":{"line":13,"column":7}},"4":{"start":{"line":10,"column":8},"end":{"line":10,"column":20}},"5":{"start":{"line":12,"column":8},"end":{"line":12,"column":21}},"6":{"start":{"line":18,"column":18},"end":{"line":340,"column":1}},"7":{"start":{"line":19,"column":14},"end":{"line":19,"column":16}},"8":{"start":{"line":20,"column":2},"end":{"line":26,"column":3}},"9":{"start":{"line":20,"column":15},"end":{"line":20,"column":16}},"10":{"start":{"line":21,"column":14},"end":{"line":21,"column":16}},"11":{"start":{"line":22,"column":4},"end":{"line":24,"column":5}},"12":{"start":{"line":22,"column":17},"end":{"line":22,"column":18}},"13":{"start":{"line":23,"column":6},"end":{"line":23,"column":18}},"14":{"start":{"line":25,"column":4},"end":{"line":25,"column":20}},"15":{"start":{"line":28,"column":4},"end":{"line":28,"column":19}},"16":{"start":{"line":31,"column":4},"end":{"line":31,"column":19}},"17":{"start":{"line":34,"column":4},"end":{"line":34,"column":19}},"18":{"start":{"line":40,"column":4},"end":{"line":40,"column":19}},"19":{"start":{"line":43,"column":4},"end":{"line":47,"column":5}},"20":{"start":{"line":44,"column":6},"end":{"line":46,"column":7}},"21":{"start":{"line":45,"column":8},"end":{"line":45,"column":21}},"22":{"start":{"line":48,"column":4},"end":{"line":50,"column":5}},"23":{"start":{"line":49,"column":6},"end":{"line":49,"column":19}},"24":{"start":{"line":52,"column":2},"end":{"line":339,"column":4}},"25":{"start":{"line":55,"column":6},"end":{"line":337,"column":7}},"26":{"start":{"line":56,"column":8},"end":{"line":336,"column":9}},"27":{"start":{"line":57,"column":10},"end":{"line":77,"column":11}},"28":{"start":{"line":58,"column":20},"end":{"line":58,"column":21}},"29":{"start":{"line":59,"column":12},"end":{"line":68,"column":13}},"30":{"start":{"line":60,"column":14},"end":{"line":64,"column":15}},"31":{"start":{"line":61,"column":16},"end":{"line":61,"column":39}},"32":{"start":{"line":62,"column":16},"end":{"line":62,"column":42}},"33":{"start":{"line":63,"column":16},"end":{"line":63,"column":20}},"34":{"start":{"line":65,"column":14},"end":{"line":65,"column":36}},"35":{"start":{"line":66,"column":14},"end":{"line":66,"column":40}},"36":{"start":{"line":67,"column":14},"end":{"line":67,"column":21}},"37":{"start":{"line":69,"column":12},"end":{"line":73,"column":13}},"38":{"start":{"line":70,"column":14},"end":{"line":70,"column":37}},"39":{"start":{"line":71,"column":14},"end":{"line":71,"column":40}},"40":{"start":{"line":72,"column":14},"end":{"line":72,"column":18}},"41":{"start":{"line":74,"column":12},"end":{"line":74,"column":38}},"42":{"start":{"line":75,"column":12},"end":{"line":75,"column":34}},"43":{"start":{"line":76,"column":12},"end":{"line":76,"column":19}},"44":{"start":{"line":78,"column":10},"end":{"line":78,"column":29}},"45":{"start":{"line":79,"column":10},"end":{"line":79,"column":32}},"46":{"start":{"line":80,"column":10},"end":{"line":80,"column":32}},"47":{"start":{"line":81,"column":10},"end":{"line":81,"column":36}},"48":{"start":{"line":82,"column":15},"end":{"line":336,"column":9}},"49":{"start":{"line":83,"column":10},"end":{"line":105,"column":11}},"50":{"start":{"line":84,"column":20},"end":{"line":84,"column":21}},"51":{"start":{"line":85,"column":12},"end":{"line":95,"column":13}},"52":{"start":{"line":86,"column":14},"end":{"line":86,"column":35}},"53":{"start":{"line":87,"column":14},"end":{"line":87,"column":36}},"54":{"start":{"line":88,"column":14},"end":{"line":88,"column":40}},"55":{"start":{"line":89,"column":14},"end":{"line":93,"column":15}},"56":{"start":{"line":90,"column":16},"end":{"line":90,"column":39}},"57":{"start":{"line":91,"column":16},"end":{"line":91,"column":42}},"58":{"start":{"line":92,"column":16},"end":{"line":92,"column":20}},"59":{"start":{"line":94,"column":14},"end":{"line":94,"column":21}},"60":{"start":{"line":96,"column":12},"end":{"line":96,"column":18}},"61":{"start":{"line":97,"column":12},"end":{"line":101,"column":13}},"62":{"start":{"line":98,"column":14},"end":{"line":98,"column":40}},"63":{"start":{"line":99,"column":14},"end":{"line":99,"column":37}},"64":{"start":{"line":100,"column":14},"end":{"line":100,"column":18}},"65":{"start":{"line":102,"column":12},"end":{"line":102,"column":38}},"66":{"start":{"line":103,"column":12},"end":{"line":103,"column":34}},"67":{"start":{"line":104,"column":12},"end":{"line":104,"column":19}},"68":{"start":{"line":106,"column":10},"end":{"line":106,"column":29}},"69":{"start":{"line":107,"column":10},"end":{"line":107,"column":32}},"70":{"start":{"line":108,"column":10},"end":{"line":108,"column":32}},"71":{"start":{"line":109,"column":10},"end":{"line":109,"column":36}},"72":{"start":{"line":110,"column":15},"end":{"line":336,"column":9}},"73":{"start":{"line":111,"column":10},"end":{"line":131,"column":11}},"74":{"start":{"line":112,"column":20},"end":{"line":112,"column":21}},"75":{"start":{"line":113,"column":12},"end":{"line":122,"column":13}},"76":{"start":{"line":114,"column":14},"end":{"line":118,"column":15}},"77":{"start":{"line":115,"column":16},"end":{"line":115,"column":39}},"78":{"start":{"line":116,"column":16},"end":{"line":116,"column":42}},"79":{"start":{"line":117,"column":16},"end":{"line":117,"column":20}},"80":{"start":{"line":119,"column":14},"end":{"line":119,"column":36}},"81":{"start":{"line":120,"column":14},"end":{"line":120,"column":40}},"82":{"start":{"line":121,"column":14},"end":{"line":121,"column":21}},"83":{"start":{"line":123,"column":12},"end":{"line":127,"column":13}},"84":{"start":{"line":124,"column":14},"end":{"line":124,"column":37}},"85":{"start":{"line":125,"column":14},"end":{"line":125,"column":40}},"86":{"start":{"line":126,"column":14},"end":{"line":126,"column":18}},"87":{"start":{"line":128,"column":12},"end":{"line":128,"column":34}},"88":{"start":{"line":129,"column":12},"end":{"line":129,"column":38}},"89":{"start":{"line":130,"column":12},"end":{"line":130,"column":19}},"90":{"start":{"line":132,"column":10},"end":{"line":132,"column":29}},"91":{"start":{"line":133,"column":10},"end":{"line":133,"column":32}},"92":{"start":{"line":134,"column":10},"end":{"line":134,"column":32}},"93":{"start":{"line":135,"column":10},"end":{"line":135,"column":36}},"94":{"start":{"line":136,"column":15},"end":{"line":336,"column":9}},"95":{"start":{"line":137,"column":10},"end":{"line":158,"column":11}},"96":{"start":{"line":138,"column":20},"end":{"line":138,"column":21}},"97":{"start":{"line":139,"column":12},"end":{"line":149,"column":13}},"98":{"start":{"line":140,"column":14},"end":{"line":140,"column":35}},"99":{"start":{"line":141,"column":14},"end":{"line":141,"column":40}},"100":{"start":{"line":142,"column":14},"end":{"line":142,"column":36}},"101":{"start":{"line":143,"column":14},"end":{"line":147,"column":15}},"102":{"start":{"line":144,"column":16},"end":{"line":144,"column":39}},"103":{"start":{"line":145,"column":16},"end":{"line":145,"column":42}},"104":{"start":{"line":146,"column":16},"end":{"line":146,"column":20}},"105":{"start":{"line":148,"column":14},"end":{"line":148,"column":21}},"106":{"start":{"line":150,"column":12},"end":{"line":154,"column":13}},"107":{"start":{"line":151,"column":14},"end":{"line":151,"column":37}},"108":{"start":{"line":152,"column":14},"end":{"line":152,"column":40}},"109":{"start":{"line":153,"column":14},"end":{"line":153,"column":18}},"110":{"start":{"line":155,"column":12},"end":{"line":155,"column":34}},"111":{"start":{"line":156,"column":12},"end":{"line":156,"column":38}},"112":{"start":{"line":157,"column":12},"end":{"line":157,"column":19}},"113":{"start":{"line":159,"column":10},"end":{"line":159,"column":29}},"114":{"start":{"line":160,"column":10},"end":{"line":160,"column":32}},"115":{"start":{"line":161,"column":10},"end":{"line":161,"column":32}},"116":{"start":{"line":162,"column":10},"end":{"line":162,"column":36}},"117":{"start":{"line":163,"column":15},"end":{"line":336,"column":9}},"118":{"start":{"line":164,"column":10},"end":{"line":192,"column":11}},"119":{"start":{"line":165,"column":12},"end":{"line":168,"column":13}},"120":{"start":{"line":166,"column":14},"end":{"line":166,"column":54}},"121":{"start":{"line":167,"column":14},"end":{"line":167,"column":21}},"122":{"start":{"line":169,"column":20},"end":{"line":169,"column":21}},"123":{"start":{"line":170,"column":12},"end":{"line":181,"column":13}},"124":{"start":{"line":171,"column":14},"end":{"line":171,"column":36}},"125":{"start":{"line":172,"column":14},"end":{"line":172,"column":40}},"126":{"start":{"line":173,"column":14},"end":{"line":177,"column":15}},"127":{"start":{"line":174,"column":16},"end":{"line":174,"column":39}},"128":{"start":{"line":175,"column":16},"end":{"line":175,"column":42}},"129":{"start":{"line":176,"column":16},"end":{"line":176,"column":20}},"130":{"start":{"line":178,"column":14},"end":{"line":178,"column":36}},"131":{"start":{"line":179,"column":14},"end":{"line":179,"column":40}},"132":{"start":{"line":180,"column":14},"end":{"line":180,"column":21}},"133":{"start":{"line":182,"column":12},"end":{"line":187,"column":13}},"134":{"start":{"line":183,"column":14},"end":{"line":183,"column":40}},"135":{"start":{"line":184,"column":14},"end":{"line":184,"column":37}},"136":{"start":{"line":185,"column":14},"end":{"line":185,"column":40}},"137":{"start":{"line":186,"column":14},"end":{"line":186,"column":18}},"138":{"start":{"line":188,"column":12},"end":{"line":188,"column":38}},"139":{"start":{"line":189,"column":12},"end":{"line":189,"column":34}},"140":{"start":{"line":190,"column":12},"end":{"line":190,"column":38}},"141":{"start":{"line":191,"column":12},"end":{"line":191,"column":19}},"142":{"start":{"line":193,"column":10},"end":{"line":193,"column":29}},"143":{"start":{"line":194,"column":10},"end":{"line":194,"column":32}},"144":{"start":{"line":195,"column":10},"end":{"line":195,"column":32}},"145":{"start":{"line":196,"column":10},"end":{"line":196,"column":32}},"146":{"start":{"line":197,"column":10},"end":{"line":197,"column":36}},"147":{"start":{"line":198,"column":10},"end":{"line":198,"column":36}},"148":{"start":{"line":199,"column":15},"end":{"line":336,"column":9}},"149":{"start":{"line":200,"column":10},"end":{"line":224,"column":11}},"150":{"start":{"line":201,"column":20},"end":{"line":201,"column":21}},"151":{"start":{"line":202,"column":12},"end":{"line":213,"column":13}},"152":{"start":{"line":203,"column":14},"end":{"line":203,"column":40}},"153":{"start":{"line":204,"column":14},"end":{"line":204,"column":36}},"154":{"start":{"line":205,"column":14},"end":{"line":209,"column":15}},"155":{"start":{"line":206,"column":16},"end":{"line":206,"column":39}},"156":{"start":{"line":207,"column":16},"end":{"line":207,"column":42}},"157":{"start":{"line":208,"column":16},"end":{"line":208,"column":20}},"158":{"start":{"line":210,"column":14},"end":{"line":210,"column":40}},"159":{"start":{"line":211,"column":14},"end":{"line":211,"column":36}},"160":{"start":{"line":212,"column":14},"end":{"line":212,"column":21}},"161":{"start":{"line":214,"column":12},"end":{"line":219,"column":13}},"162":{"start":{"line":215,"column":14},"end":{"line":215,"column":40}},"163":{"start":{"line":216,"column":14},"end":{"line":216,"column":37}},"164":{"start":{"line":217,"column":14},"end":{"line":217,"column":40}},"165":{"start":{"line":218,"column":14},"end":{"line":218,"column":18}},"166":{"start":{"line":220,"column":12},"end":{"line":220,"column":38}},"167":{"start":{"line":221,"column":12},"end":{"line":221,"column":34}},"168":{"start":{"line":222,"column":12},"end":{"line":222,"column":38}},"169":{"start":{"line":223,"column":12},"end":{"line":223,"column":19}},"170":{"start":{"line":225,"column":10},"end":{"line":225,"column":29}},"171":{"start":{"line":226,"column":10},"end":{"line":226,"column":32}},"172":{"start":{"line":227,"column":10},"end":{"line":227,"column":32}},"173":{"start":{"line":228,"column":10},"end":{"line":228,"column":32}},"174":{"start":{"line":229,"column":10},"end":{"line":229,"column":36}},"175":{"start":{"line":230,"column":10},"end":{"line":230,"column":36}},"176":{"start":{"line":231,"column":15},"end":{"line":336,"column":9}},"177":{"start":{"line":232,"column":10},"end":{"line":256,"column":11}},"178":{"start":{"line":233,"column":20},"end":{"line":233,"column":21}},"179":{"start":{"line":234,"column":12},"end":{"line":245,"column":13}},"180":{"start":{"line":235,"column":14},"end":{"line":240,"column":15}},"181":{"start":{"line":236,"column":16},"end":{"line":236,"column":42}},"182":{"start":{"line":237,"column":16},"end":{"line":237,"column":39}},"183":{"start":{"line":238,"column":16},"end":{"line":238,"column":42}},"184":{"start":{"line":239,"column":16},"end":{"line":239,"column":20}},"185":{"start":{"line":241,"column":14},"end":{"line":241,"column":40}},"186":{"start":{"line":242,"column":14},"end":{"line":242,"column":36}},"187":{"start":{"line":243,"column":14},"end":{"line":243,"column":40}},"188":{"start":{"line":244,"column":14},"end":{"line":244,"column":21}},"189":{"start":{"line":246,"column":12},"end":{"line":246,"column":34}},"190":{"start":{"line":247,"column":12},"end":{"line":247,"column":38}},"191":{"start":{"line":248,"column":12},"end":{"line":252,"column":13}},"192":{"start":{"line":249,"column":14},"end":{"line":249,"column":37}},"193":{"start":{"line":250,"column":14},"end":{"line":250,"column":40}},"194":{"start":{"line":251,"column":14},"end":{"line":251,"column":18}},"195":{"start":{"line":253,"column":12},"end":{"line":253,"column":34}},"196":{"start":{"line":254,"column":12},"end":{"line":254,"column":38}},"197":{"start":{"line":255,"column":12},"end":{"line":255,"column":19}},"198":{"start":{"line":257,"column":10},"end":{"line":257,"column":29}},"199":{"start":{"line":258,"column":10},"end":{"line":258,"column":32}},"200":{"start":{"line":259,"column":10},"end":{"line":259,"column":32}},"201":{"start":{"line":260,"column":10},"end":{"line":260,"column":36}},"202":{"start":{"line":261,"column":10},"end":{"line":261,"column":32}},"203":{"start":{"line":262,"column":10},"end":{"line":262,"column":36}},"204":{"start":{"line":263,"column":15},"end":{"line":336,"column":9}},"205":{"start":{"line":264,"column":10},"end":{"line":288,"column":11}},"206":{"start":{"line":265,"column":20},"end":{"line":265,"column":21}},"207":{"start":{"line":266,"column":12},"end":{"line":277,"column":13}},"208":{"start":{"line":267,"column":14},"end":{"line":272,"column":15}},"209":{"start":{"line":268,"column":16},"end":{"line":268,"column":42}},"210":{"start":{"line":269,"column":16},"end":{"line":269,"column":39}},"211":{"start":{"line":270,"column":16},"end":{"line":270,"column":42}},"212":{"start":{"line":271,"column":16},"end":{"line":271,"column":20}},"213":{"start":{"line":273,"column":14},"end":{"line":273,"column":40}},"214":{"start":{"line":274,"column":14},"end":{"line":274,"column":36}},"215":{"start":{"line":275,"column":14},"end":{"line":275,"column":40}},"216":{"start":{"line":276,"column":14},"end":{"line":276,"column":21}},"217":{"start":{"line":278,"column":12},"end":{"line":278,"column":34}},"218":{"start":{"line":279,"column":12},"end":{"line":279,"column":38}},"219":{"start":{"line":280,"column":12},"end":{"line":284,"column":13}},"220":{"start":{"line":281,"column":14},"end":{"line":281,"column":37}},"221":{"start":{"line":282,"column":14},"end":{"line":282,"column":40}},"222":{"start":{"line":283,"column":14},"end":{"line":283,"column":18}},"223":{"start":{"line":285,"column":12},"end":{"line":285,"column":34}},"224":{"start":{"line":286,"column":12},"end":{"line":286,"column":38}},"225":{"start":{"line":287,"column":12},"end":{"line":287,"column":19}},"226":{"start":{"line":289,"column":10},"end":{"line":289,"column":29}},"227":{"start":{"line":290,"column":10},"end":{"line":290,"column":32}},"228":{"start":{"line":291,"column":10},"end":{"line":291,"column":32}},"229":{"start":{"line":292,"column":10},"end":{"line":292,"column":36}},"230":{"start":{"line":293,"column":10},"end":{"line":293,"column":32}},"231":{"start":{"line":294,"column":10},"end":{"line":294,"column":36}},"232":{"start":{"line":296,"column":10},"end":{"line":326,"column":11}},"233":{"start":{"line":297,"column":20},"end":{"line":297,"column":21}},"234":{"start":{"line":298,"column":12},"end":{"line":312,"column":13}},"235":{"start":{"line":299,"column":14},"end":{"line":299,"column":40}},"236":{"start":{"line":300,"column":14},"end":{"line":300,"column":36}},"237":{"start":{"line":301,"column":14},"end":{"line":301,"column":40}},"238":{"start":{"line":302,"column":14},"end":{"line":307,"column":15}},"239":{"start":{"line":303,"column":16},"end":{"line":303,"column":42}},"240":{"start":{"line":304,"column":16},"end":{"line":304,"column":39}},"241":{"start":{"line":305,"column":16},"end":{"line":305,"column":42}},"242":{"start":{"line":306,"column":16},"end":{"line":306,"column":20}},"243":{"start":{"line":308,"column":14},"end":{"line":308,"column":40}},"244":{"start":{"line":309,"column":14},"end":{"line":309,"column":36}},"245":{"start":{"line":310,"column":14},"end":{"line":310,"column":40}},"246":{"start":{"line":311,"column":14},"end":{"line":311,"column":21}},"247":{"start":{"line":313,"column":12},"end":{"line":313,"column":38}},"248":{"start":{"line":314,"column":12},"end":{"line":314,"column":34}},"249":{"start":{"line":315,"column":12},"end":{"line":315,"column":38}},"250":{"start":{"line":316,"column":12},"end":{"line":321,"column":13}},"251":{"start":{"line":317,"column":14},"end":{"line":317,"column":40}},"252":{"start":{"line":318,"column":14},"end":{"line":318,"column":37}},"253":{"start":{"line":319,"column":14},"end":{"line":319,"column":40}},"254":{"start":{"line":320,"column":14},"end":{"line":320,"column":18}},"255":{"start":{"line":322,"column":12},"end":{"line":322,"column":38}},"256":{"start":{"line":323,"column":12},"end":{"line":323,"column":34}},"257":{"start":{"line":324,"column":12},"end":{"line":324,"column":38}},"258":{"start":{"line":325,"column":12},"end":{"line":325,"column":19}},"259":{"start":{"line":327,"column":10},"end":{"line":327,"column":29}},"260":{"start":{"line":328,"column":10},"end":{"line":328,"column":36}},"261":{"start":{"line":329,"column":10},"end":{"line":329,"column":32}},"262":{"start":{"line":330,"column":10},"end":{"line":330,"column":36}},"263":{"start":{"line":331,"column":10},"end":{"line":331,"column":32}},"264":{"start":{"line":332,"column":10},"end":{"line":332,"column":32}},"265":{"start":{"line":333,"column":10},"end":{"line":333,"column":36}},"266":{"start":{"line":334,"column":10},"end":{"line":334,"column":32}},"267":{"start":{"line":335,"column":10},"end":{"line":335,"column":36}},"268":{"start":{"line":341,"column":14},"end":{"line":341,"column":25}},"269":{"start":{"line":342,"column":0},"end":{"line":342,"column":30}},"270":{"start":{"line":343,"column":0},"end":{"line":343,"column":25}}},"fnMap":{"0":{"name":"(anonymous_0)","decl":{"start":{"line":1,"column":13},"end":{"line":1,"column":14}},"loc":{"start":{"line":1,"column":43},"end":{"line":16,"column":1}},"line":1},"1":{"name":"(anonymous_1)","decl":{"start":{"line":5,"column":4},"end":{"line":5,"column":5}},"loc":{"start":{"line":5,"column":10},"end":{"line":7,"column":5}},"line":5},"2":{"name":"(anonymous_2)","decl":{"start":{"line":8,"column":4},"end":{"line":8,"column":5}},"loc":{"start":{"line":8,"column":13},"end":{"line":14,"column":5}},"line":8},"3":{"name":"(anonymous_3)","decl":{"start":{"line":18,"column":18},"end":{"line":18,"column":19}},"loc":{"start":{"line":18,"column":24},"end":{"line":340,"column":1}},"line":18},"4":{"name":"isTopRow","decl":{"start":{"line":27,"column":11},"end":{"line":27,"column":19}},"loc":{"start":{"line":27,"column":26},"end":{"line":29,"column":3}},"line":27},"5":{"name":"isBottomRow","decl":{"start":{"line":30,"column":11},"end":{"line":30,"column":22}},"loc":{"start":{"line":30,"column":29},"end":{"line":32,"column":3}},"line":30},"6":{"name":"isLeftMostColoumn","decl":{"start":{"line":33,"column":11},"end":{"line":33,"column":28}},"loc":{"start":{"line":33,"column":35},"end":{"line":35,"column":3}},"line":33},"7":{"name":"isRightMostColumn","decl":{"start":{"line":36,"column":11},"end":{"line":36,"column":28}},"loc":{"start":{"line":36,"column":43},"end":{"line":41,"column":3}},"line":36},"8":{"name":"placeCheck","decl":{"start":{"line":42,"column":11},"end":{"line":42,"column":21}},"loc":{"start":{"line":42,"column":42},"end":{"line":51,"column":3}},"line":42},"9":{"name":"(anonymous_9)","decl":{"start":{"line":54,"column":4},"end":{"line":54,"column":5}},"loc":{"start":{"line":54,"column":58},"end":{"line":338,"column":5}},"line":54}},"branchMap":{"0":{"loc":{"start":{"line":1,"column":14},"end":{"line":1,"column":24}},"type":"default-arg","locations":[{"start":{"line":1,"column":23},"end":{"line":1,"column":24}}],"line":1},"1":{"loc":{"start":{"line":1,"column":26},"end":{"line":1,"column":38}},"type":"default-arg","locations":[{"start":{"line":1,"column":37},"end":{"line":1,"column":38}}],"line":1},"2":{"loc":{"start":{"line":3,"column":12},"end":{"line":3,"column":55}},"type":"cond-expr","locations":[{"start":{"line":3,"column":42},"end":{"line":3,"column":48}},{"start":{"line":3,"column":51},"end":{"line":3,"column":55}}],"line":3},"3":{"loc":{"start":{"line":3,"column":12},"end":{"line":3,"column":39}},"type":"binary-expr","locations":[{"start":{"line":3,"column":12},"end":{"line":3,"column":23}},{"start":{"line":3,"column":27},"end":{"line":3,"column":39}}],"line":3},"4":{"loc":{"start":{"line":9,"column":6},"end":{"line":13,"column":7}},"type":"if","locations":[{"start":{"line":9,"column":6},"end":{"line":13,"column":7}},{"start":{"line":11,"column":13},"end":{"line":13,"column":7}}],"line":9},"5":{"loc":{"start":{"line":43,"column":4},"end":{"line":47,"column":5}},"type":"if","locations":[{"start":{"line":43,"column":4},"end":{"line":47,"column":5}},{"start":{},"end":{}}],"line":43},"6":{"loc":{"start":{"line":44,"column":6},"end":{"line":46,"column":7}},"type":"if","locations":[{"start":{"line":44,"column":6},"end":{"line":46,"column":7}},{"start":{},"end":{}}],"line":44},"7":{"loc":{"start":{"line":48,"column":4},"end":{"line":50,"column":5}},"type":"if","locations":[{"start":{"line":48,"column":4},"end":{"line":50,"column":5}},{"start":{},"end":{}}],"line":48},"8":{"loc":{"start":{"line":54,"column":20},"end":{"line":54,"column":33}},"type":"default-arg","locations":[{"start":{"line":54,"column":27},"end":{"line":54,"column":33}}],"line":54},"9":{"loc":{"start":{"line":54,"column":35},"end":{"line":54,"column":56}},"type":"default-arg","locations":[{"start":{"line":54,"column":44},"end":{"line":54,"column":56}}],"line":54},"10":{"loc":{"start":{"line":55,"column":6},"end":{"line":337,"column":7}},"type":"if","locations":[{"start":{"line":55,"column":6},"end":{"line":337,"column":7}},{"start":{},"end":{}}],"line":55},"11":{"loc":{"start":{"line":56,"column":8},"end":{"line":336,"column":9}},"type":"if","locations":[{"start":{"line":56,"column":8},"end":{"line":336,"column":9}},{"start":{"line":82,"column":15},"end":{"line":336,"column":9}}],"line":56},"12":{"loc":{"start":{"line":56,"column":12},"end":{"line":56,"column":53}},"type":"binary-expr","locations":[{"start":{"line":56,"column":12},"end":{"line":56,"column":26}},{"start":{"line":56,"column":30},"end":{"line":56,"column":53}}],"line":56},"13":{"loc":{"start":{"line":57,"column":10},"end":{"line":77,"column":11}},"type":"if","locations":[{"start":{"line":57,"column":10},"end":{"line":77,"column":11}},{"start":{},"end":{}}],"line":57},"14":{"loc":{"start":{"line":59,"column":12},"end":{"line":68,"column":13}},"type":"if","locations":[{"start":{"line":59,"column":12},"end":{"line":68,"column":13}},{"start":{},"end":{}}],"line":59},"15":{"loc":{"start":{"line":82,"column":15},"end":{"line":336,"column":9}},"type":"if","locations":[{"start":{"line":82,"column":15},"end":{"line":336,"column":9}},{"start":{"line":110,"column":15},"end":{"line":336,"column":9}}],"line":82},"16":{"loc":{"start":{"line":82,"column":19},"end":{"line":82,"column":73}},"type":"binary-expr","locations":[{"start":{"line":82,"column":19},"end":{"line":82,"column":33}},{"start":{"line":82,"column":37},"end":{"line":82,"column":73}}],"line":82},"17":{"loc":{"start":{"line":83,"column":10},"end":{"line":105,"column":11}},"type":"if","locations":[{"start":{"line":83,"column":10},"end":{"line":105,"column":11}},{"start":{},"end":{}}],"line":83},"18":{"loc":{"start":{"line":85,"column":12},"end":{"line":95,"column":13}},"type":"if","locations":[{"start":{"line":85,"column":12},"end":{"line":95,"column":13}},{"start":{},"end":{}}],"line":85},"19":{"loc":{"start":{"line":110,"column":15},"end":{"line":336,"column":9}},"type":"if","locations":[{"start":{"line":110,"column":15},"end":{"line":336,"column":9}},{"start":{"line":136,"column":15},"end":{"line":336,"column":9}}],"line":110},"20":{"loc":{"start":{"line":110,"column":19},"end":{"line":110,"column":63}},"type":"binary-expr","locations":[{"start":{"line":110,"column":19},"end":{"line":110,"column":36}},{"start":{"line":110,"column":40},"end":{"line":110,"column":63}}],"line":110},"21":{"loc":{"start":{"line":111,"column":10},"end":{"line":131,"column":11}},"type":"if","locations":[{"start":{"line":111,"column":10},"end":{"line":131,"column":11}},{"start":{},"end":{}}],"line":111},"22":{"loc":{"start":{"line":113,"column":12},"end":{"line":122,"column":13}},"type":"if","locations":[{"start":{"line":113,"column":12},"end":{"line":122,"column":13}},{"start":{},"end":{}}],"line":113},"23":{"loc":{"start":{"line":136,"column":15},"end":{"line":336,"column":9}},"type":"if","locations":[{"start":{"line":136,"column":15},"end":{"line":336,"column":9}},{"start":{"line":163,"column":15},"end":{"line":336,"column":9}}],"line":136},"24":{"loc":{"start":{"line":136,"column":19},"end":{"line":136,"column":76}},"type":"binary-expr","locations":[{"start":{"line":136,"column":19},"end":{"line":136,"column":36}},{"start":{"line":136,"column":40},"end":{"line":136,"column":76}}],"line":136},"25":{"loc":{"start":{"line":137,"column":10},"end":{"line":158,"column":11}},"type":"if","locations":[{"start":{"line":137,"column":10},"end":{"line":158,"column":11}},{"start":{},"end":{}}],"line":137},"26":{"loc":{"start":{"line":139,"column":12},"end":{"line":149,"column":13}},"type":"if","locations":[{"start":{"line":139,"column":12},"end":{"line":149,"column":13}},{"start":{},"end":{}}],"line":139},"27":{"loc":{"start":{"line":163,"column":15},"end":{"line":336,"column":9}},"type":"if","locations":[{"start":{"line":163,"column":15},"end":{"line":336,"column":9}},{"start":{"line":199,"column":15},"end":{"line":336,"column":9}}],"line":163},"28":{"loc":{"start":{"line":164,"column":10},"end":{"line":192,"column":11}},"type":"if","locations":[{"start":{"line":164,"column":10},"end":{"line":192,"column":11}},{"start":{},"end":{}}],"line":164},"29":{"loc":{"start":{"line":165,"column":12},"end":{"line":168,"column":13}},"type":"if","locations":[{"start":{"line":165,"column":12},"end":{"line":168,"column":13}},{"start":{},"end":{}}],"line":165},"30":{"loc":{"start":{"line":170,"column":12},"end":{"line":181,"column":13}},"type":"if","locations":[{"start":{"line":170,"column":12},"end":{"line":181,"column":13}},{"start":{},"end":{}}],"line":170},"31":{"loc":{"start":{"line":199,"column":15},"end":{"line":336,"column":9}},"type":"if","locations":[{"start":{"line":199,"column":15},"end":{"line":336,"column":9}},{"start":{"line":231,"column":15},"end":{"line":336,"column":9}}],"line":199},"32":{"loc":{"start":{"line":200,"column":10},"end":{"line":224,"column":11}},"type":"if","locations":[{"start":{"line":200,"column":10},"end":{"line":224,"column":11}},{"start":{},"end":{}}],"line":200},"33":{"loc":{"start":{"line":202,"column":12},"end":{"line":213,"column":13}},"type":"if","locations":[{"start":{"line":202,"column":12},"end":{"line":213,"column":13}},{"start":{},"end":{}}],"line":202},"34":{"loc":{"start":{"line":231,"column":15},"end":{"line":336,"column":9}},"type":"if","locations":[{"start":{"line":231,"column":15},"end":{"line":336,"column":9}},{"start":{"line":263,"column":15},"end":{"line":336,"column":9}}],"line":231},"35":{"loc":{"start":{"line":232,"column":10},"end":{"line":256,"column":11}},"type":"if","locations":[{"start":{"line":232,"column":10},"end":{"line":256,"column":11}},{"start":{},"end":{}}],"line":232},"36":{"loc":{"start":{"line":234,"column":12},"end":{"line":245,"column":13}},"type":"if","locations":[{"start":{"line":234,"column":12},"end":{"line":245,"column":13}},{"start":{},"end":{}}],"line":234},"37":{"loc":{"start":{"line":263,"column":15},"end":{"line":336,"column":9}},"type":"if","locations":[{"start":{"line":263,"column":15},"end":{"line":336,"column":9}},{"start":{"line":295,"column":15},"end":{"line":336,"column":9}}],"line":263},"38":{"loc":{"start":{"line":264,"column":10},"end":{"line":288,"column":11}},"type":"if","locations":[{"start":{"line":264,"column":10},"end":{"line":288,"column":11}},{"start":{},"end":{}}],"line":264},"39":{"loc":{"start":{"line":266,"column":12},"end":{"line":277,"column":13}},"type":"if","locations":[{"start":{"line":266,"column":12},"end":{"line":277,"column":13}},{"start":{},"end":{}}],"line":266},"40":{"loc":{"start":{"line":296,"column":10},"end":{"line":326,"column":11}},"type":"if","locations":[{"start":{"line":296,"column":10},"end":{"line":326,"column":11}},{"start":{},"end":{}}],"line":296},"41":{"loc":{"start":{"line":298,"column":12},"end":{"line":312,"column":13}},"type":"if","locations":[{"start":{"line":298,"column":12},"end":{"line":312,"column":13}},{"start":{},"end":{}}],"line":298}},"s":{"0":1,"1":6,"2":4,"3":2,"4":1,"5":1,"6":1,"7":36,"8":36,"9":36,"10":360,"11":360,"12":360,"13":3600,"14":360,"15":69,"16":54,"17":28,"18":19,"19":2,"20":1,"21":0,"22":2,"23":0,"24":36,"25":28,"26":28,"27":3,"28":2,"29":2,"30":1,"31":4,"32":4,"33":4,"34":1,"35":1,"36":1,"37":1,"38":4,"39":4,"40":4,"41":1,"42":1,"43":1,"44":1,"45":1,"46":1,"47":1,"48":25,"49":3,"50":2,"51":2,"52":1,"53":1,"54":1,"55":1,"56":4,"57":4,"58":4,"59":1,"60":1,"61":1,"62":4,"63":4,"64":4,"65":1,"66":1,"67":1,"68":1,"69":1,"70":1,"71":1,"72":22,"73":3,"74":2,"75":2,"76":1,"77":4,"78":4,"79":4,"80":1,"81":1,"82":1,"83":1,"84":4,"85":4,"86":4,"87":1,"88":1,"89":1,"90":1,"91":1,"92":1,"93":1,"94":19,"95":3,"96":2,"97":2,"98":1,"99":1,"100":1,"101":1,"102":4,"103":4,"104":4,"105":1,"106":1,"107":4,"108":4,"109":4,"110":1,"111":1,"112":1,"113":1,"114":1,"115":1,"116":1,"117":16,"118":3,"119":2,"120":0,"121":0,"122":2,"123":2,"124":1,"125":1,"126":1,"127":4,"128":4,"129":4,"130":1,"131":1,"132":1,"133":1,"134":4,"135":4,"136":4,"137":4,"138":1,"139":1,"140":1,"141":1,"142":1,"143":1,"144":1,"145":1,"146":1,"147":1,"148":13,"149":4,"150":3,"151":3,"152":2,"153":2,"154":2,"155":8,"156":8,"157":8,"158":2,"159":2,"160":2,"161":1,"162":4,"163":4,"164":4,"165":4,"166":1,"167":1,"168":1,"169":1,"170":1,"171":1,"172":1,"173":1,"174":1,"175":1,"176":9,"177":3,"178":2,"179":2,"180":1,"181":4,"182":4,"183":4,"184":4,"185":1,"186":1,"187":1,"188":1,"189":1,"190":1,"191":1,"192":4,"193":4,"194":4,"195":1,"196":1,"197":1,"198":1,"199":1,"200":1,"201":1,"202":1,"203":1,"204":6,"205":3,"206":2,"207":2,"208":1,"209":4,"210":4,"211":4,"212":4,"213":1,"214":1,"215":1,"216":1,"217":1,"218":1,"219":1,"220":4,"221":4,"222":4,"223":1,"224":1,"225":1,"226":1,"227":1,"228":1,"229":1,"230":1,"231":1,"232":3,"233":2,"234":2,"235":1,"236":1,"237":1,"238":1,"239":4,"240":4,"241":4,"242":4,"243":1,"244":1,"245":1,"246":1,"247":1,"248":1,"249":1,"250":1,"251":4,"252":4,"253":4,"254":4,"255":1,"256":1,"257":1,"258":1,"259":1,"260":1,"261":1,"262":1,"263":1,"264":1,"265":1,"266":1,"267":1,"268":1,"269":1,"270":1},"f":{"0":6,"1":4,"2":2,"3":36,"4":69,"5":54,"6":28,"7":19,"8":2,"9":28},"b":{"0":[2],"1":[6],"2":[5,1],"3":[6,5],"4":[1,1],"5":[1,1],"6":[0,1],"7":[0,2],"8":[0],"9":[19],"10":[28,0],"11":[3,25],"12":[28,9],"13":[2,1],"14":[1,1],"15":[3,22],"16":[25,6],"17":[2,1],"18":[1,1],"19":[3,19],"20":[22,10],"21":[2,1],"22":[1,1],"23":[3,16],"24":[19,7],"25":[2,1],"26":[1,1],"27":[3,13],"28":[2,1],"29":[0,2],"30":[1,1],"31":[4,9],"32":[3,1],"33":[2,1],"34":[3,6],"35":[2,1],"36":[1,1],"37":[3,3],"38":[2,1],"39":[1,1],"40":[2,1],"41":[1,1]},"_coverageSchema":"1a1c01bbd47fc00a2c39e90264f33305004495a9","hash":"74aa21fd070f60b36260787468bd10fa1e009a7b"}
}
