TN:
SF:src/gameElements.js
FN:1,(anonymous_0)
FN:5,(anonymous_1)
FN:8,(anonymous_2)
FN:18,(anonymous_3)
FN:27,isTopRow
FN:30,isBottomRow
FN:33,isLeftMostColoumn
FN:36,isRightMostColumn
FN:42,placeCheck
FN:54,(anonymous_9)
FNF:10
FNH:10
FNDA:6,(anonymous_0)
FNDA:4,(anonymous_1)
FNDA:2,(anonymous_2)
FNDA:36,(anonymous_3)
FNDA:69,isTopRow
FNDA:54,isBottomRow
FNDA:28,isLeftMostColoumn
FNDA:19,isRightMostColumn
FNDA:2,placeCheck
FNDA:28,(anonymous_9)
DA:1,1
DA:2,6
DA:6,4
DA:9,2
DA:10,1
DA:12,1
DA:18,1
DA:19,36
DA:20,36
DA:21,360
DA:22,360
DA:23,3600
DA:25,360
DA:28,69
DA:31,54
DA:34,28
DA:40,19
DA:43,2
DA:44,1
DA:45,0
DA:48,2
DA:49,0
DA:52,36
DA:55,28
DA:56,28
DA:57,3
DA:58,2
DA:59,2
DA:60,1
DA:61,4
DA:62,4
DA:63,4
DA:65,1
DA:66,1
DA:67,1
DA:69,1
DA:70,4
DA:71,4
DA:72,4
DA:74,1
DA:75,1
DA:76,1
DA:78,1
DA:79,1
DA:80,1
DA:81,1
DA:82,25
DA:83,3
DA:84,2
DA:85,2
DA:86,1
DA:87,1
DA:88,1
DA:89,1
DA:90,4
DA:91,4
DA:92,4
DA:94,1
DA:96,1
DA:97,1
DA:98,4
DA:99,4
DA:100,4
DA:102,1
DA:103,1
DA:104,1
DA:106,1
DA:107,1
DA:108,1
DA:109,1
DA:110,22
DA:111,3
DA:112,2
DA:113,2
DA:114,1
DA:115,4
DA:116,4
DA:117,4
DA:119,1
DA:120,1
DA:121,1
DA:123,1
DA:124,4
DA:125,4
DA:126,4
DA:128,1
DA:129,1
DA:130,1
DA:132,1
DA:133,1
DA:134,1
DA:135,1
DA:136,19
DA:137,3
DA:138,2
DA:139,2
DA:140,1
DA:141,1
DA:142,1
DA:143,1
DA:144,4
DA:145,4
DA:146,4
DA:148,1
DA:150,1
DA:151,4
DA:152,4
DA:153,4
DA:155,1
DA:156,1
DA:157,1
DA:159,1
DA:160,1
DA:161,1
DA:162,1
DA:163,16
DA:164,3
DA:165,2
DA:166,0
DA:167,0
DA:169,2
DA:170,2
DA:171,1
DA:172,1
DA:173,1
DA:174,4
DA:175,4
DA:176,4
DA:178,1
DA:179,1
DA:180,1
DA:182,1
DA:183,4
DA:184,4
DA:185,4
DA:186,4
DA:188,1
DA:189,1
DA:190,1
DA:191,1
DA:193,1
DA:194,1
DA:195,1
DA:196,1
DA:197,1
DA:198,1
DA:199,13
DA:200,4
DA:201,3
DA:202,3
DA:203,2
DA:204,2
DA:205,2
DA:206,8
DA:207,8
DA:208,8
DA:210,2
DA:211,2
DA:212,2
DA:214,1
DA:215,4
DA:216,4
DA:217,4
DA:218,4
DA:220,1
DA:221,1
DA:222,1
DA:223,1
DA:225,1
DA:226,1
DA:227,1
DA:228,1
DA:229,1
DA:230,1
DA:231,9
DA:232,3
DA:233,2
DA:234,2
DA:235,1
DA:236,4
DA:237,4
DA:238,4
DA:239,4
DA:241,1
DA:242,1
DA:243,1
DA:244,1
DA:246,1
DA:247,1
DA:248,1
DA:249,4
DA:250,4
DA:251,4
DA:253,1
DA:254,1
DA:255,1
DA:257,1
DA:258,1
DA:259,1
DA:260,1
DA:261,1
DA:262,1
DA:263,6
DA:264,3
DA:265,2
DA:266,2
DA:267,1
DA:268,4
DA:269,4
DA:270,4
DA:271,4
DA:273,1
DA:274,1
DA:275,1
DA:276,1
DA:278,1
DA:279,1
DA:280,1
DA:281,4
DA:282,4
DA:283,4
DA:285,1
DA:286,1
DA:287,1
DA:289,1
DA:290,1
DA:291,1
DA:292,1
DA:293,1
DA:294,1
DA:296,3
DA:297,2
DA:298,2
DA:299,1
DA:300,1
DA:301,1
DA:302,1
DA:303,4
DA:304,4
DA:305,4
DA:306,4
DA:308,1
DA:309,1
DA:310,1
DA:311,1
DA:313,1
DA:314,1
DA:315,1
DA:316,1
DA:317,4
DA:318,4
DA:319,4
DA:320,4
DA:322,1
DA:323,1
DA:324,1
DA:325,1
DA:327,1
DA:328,1
DA:329,1
DA:330,1
DA:331,1
DA:332,1
DA:333,1
DA:334,1
DA:335,1
DA:341,1
DA:342,1
DA:343,1
LF:269
LH:265
BRDA:1,0,0,2
BRDA:1,1,0,6
BRDA:3,2,0,5
BRDA:3,2,1,1
BRDA:3,3,0,6
BRDA:3,3,1,5
BRDA:9,4,0,1
BRDA:9,4,1,1
BRDA:43,5,0,1
BRDA:43,5,1,1
BRDA:44,6,0,0
BRDA:44,6,1,1
BRDA:48,7,0,0
BRDA:48,7,1,2
BRDA:54,8,0,0
BRDA:54,9,0,19
BRDA:55,10,0,28
BRDA:55,10,1,0
BRDA:56,11,0,3
BRDA:56,11,1,25
BRDA:56,12,0,28
BRDA:56,12,1,9
BRDA:57,13,0,2
BRDA:57,13,1,1
BRDA:59,14,0,1
BRDA:59,14,1,1
BRDA:82,15,0,3
BRDA:82,15,1,22
BRDA:82,16,0,25
BRDA:82,16,1,6
BRDA:83,17,0,2
BRDA:83,17,1,1
BRDA:85,18,0,1
BRDA:85,18,1,1
BRDA:110,19,0,3
BRDA:110,19,1,19
BRDA:110,20,0,22
BRDA:110,20,1,10
BRDA:111,21,0,2
BRDA:111,21,1,1
BRDA:113,22,0,1
BRDA:113,22,1,1
BRDA:136,23,0,3
BRDA:136,23,1,16
BRDA:136,24,0,19
BRDA:136,24,1,7
BRDA:137,25,0,2
BRDA:137,25,1,1
BRDA:139,26,0,1
BRDA:139,26,1,1
BRDA:163,27,0,3
BRDA:163,27,1,13
BRDA:164,28,0,2
BRDA:164,28,1,1
BRDA:165,29,0,0
BRDA:165,29,1,2
BRDA:170,30,0,1
BRDA:170,30,1,1
BRDA:199,31,0,4
BRDA:199,31,1,9
BRDA:200,32,0,3
BRDA:200,32,1,1
BRDA:202,33,0,2
BRDA:202,33,1,1
BRDA:231,34,0,3
BRDA:231,34,1,6
BRDA:232,35,0,2
BRDA:232,35,1,1
BRDA:234,36,0,1
BRDA:234,36,1,1
BRDA:263,37,0,3
BRDA:263,37,1,3
BRDA:264,38,0,2
BRDA:264,38,1,1
BRDA:266,39,0,1
BRDA:266,39,1,1
BRDA:296,40,0,2
BRDA:296,40,1,1
BRDA:298,41,0,1
BRDA:298,41,1,1
BRF:80
BRH:75
end_of_record
