TN:
SF:src/gameElements.js
FN:1,(anonymous_0)
FN:5,(anonymous_1)
FN:8,(anonymous_2)
FN:18,(anonymous_3)
FN:27,isTopRow
FN:30,isBottomRow
FN:33,isLeftMostColoumn
FN:36,isRightMostColumn
FN:42,placeCheck
FN:60,(anonymous_9)
FNF:10
FNH:9
FNDA:6,(anonymous_0)
FNDA:4,(anonymous_1)
FNDA:2,(anonymous_2)
FNDA:36,(anonymous_3)
FNDA:69,isTopRow
FNDA:54,isBottomRow
FNDA:28,isLeftMostColoumn
FNDA:19,isRightMostColumn
FNDA:0,placeCheck
FNDA:28,(anonymous_9)
DA:1,1
DA:2,6
DA:6,4
DA:9,2
DA:10,1
DA:12,1
DA:18,1
DA:19,36
DA:20,36
DA:21,360
DA:22,360
DA:23,3600
DA:25,360
DA:28,69
DA:31,54
DA:34,28
DA:40,19
DA:43,0
DA:44,0
DA:45,0
DA:46,0
DA:47,0
DA:50,0
DA:52,0
DA:53,0
DA:54,0
DA:58,36
DA:61,28
DA:62,28
DA:63,3
DA:64,2
DA:65,2
DA:66,1
DA:67,4
DA:68,4
DA:69,4
DA:71,1
DA:72,1
DA:73,1
DA:75,1
DA:76,4
DA:77,4
DA:78,4
DA:80,1
DA:81,1
DA:82,1
DA:84,1
DA:85,1
DA:86,1
DA:87,1
DA:88,25
DA:89,3
DA:90,2
DA:91,2
DA:92,1
DA:93,1
DA:94,1
DA:95,1
DA:96,4
DA:97,4
DA:98,4
DA:100,1
DA:102,1
DA:103,1
DA:104,4
DA:105,4
DA:106,4
DA:108,1
DA:109,1
DA:110,1
DA:112,1
DA:113,1
DA:114,1
DA:115,1
DA:116,22
DA:117,3
DA:118,2
DA:119,2
DA:120,1
DA:121,4
DA:122,4
DA:123,4
DA:125,1
DA:126,1
DA:127,1
DA:129,1
DA:130,4
DA:131,4
DA:132,4
DA:134,1
DA:135,1
DA:136,1
DA:138,1
DA:139,1
DA:140,1
DA:141,1
DA:142,19
DA:143,3
DA:144,2
DA:145,2
DA:146,1
DA:147,1
DA:148,1
DA:149,1
DA:150,4
DA:151,4
DA:152,4
DA:154,1
DA:156,1
DA:157,4
DA:158,4
DA:159,4
DA:161,1
DA:162,1
DA:163,1
DA:165,1
DA:166,1
DA:167,1
DA:168,1
DA:169,16
DA:170,3
DA:171,2
DA:172,2
DA:173,1
DA:174,1
DA:175,1
DA:176,4
DA:177,4
DA:178,4
DA:180,1
DA:181,1
DA:182,1
DA:184,1
DA:185,4
DA:186,4
DA:187,4
DA:188,4
DA:190,1
DA:191,1
DA:192,1
DA:193,1
DA:195,1
DA:196,1
DA:197,1
DA:198,1
DA:199,1
DA:200,1
DA:201,13
DA:202,3
DA:203,2
DA:204,2
DA:205,1
DA:206,1
DA:207,1
DA:208,4
DA:209,4
DA:210,4
DA:212,1
DA:213,1
DA:214,1
DA:216,1
DA:217,4
DA:218,4
DA:219,4
DA:220,4
DA:222,1
DA:223,1
DA:224,1
DA:225,1
DA:227,1
DA:228,1
DA:229,1
DA:230,1
DA:231,1
DA:232,1
DA:233,10
DA:234,3
DA:235,2
DA:236,2
DA:237,1
DA:238,4
DA:239,4
DA:240,4
DA:241,4
DA:243,1
DA:244,1
DA:245,1
DA:246,1
DA:248,1
DA:249,1
DA:250,1
DA:251,4
DA:252,4
DA:253,4
DA:255,1
DA:256,1
DA:257,1
DA:259,1
DA:260,1
DA:261,1
DA:262,1
DA:263,1
DA:264,1
DA:265,7
DA:266,3
DA:267,2
DA:268,2
DA:269,1
DA:270,4
DA:271,4
DA:272,4
DA:273,4
DA:275,1
DA:276,1
DA:277,1
DA:278,1
DA:280,1
DA:281,1
DA:282,1
DA:283,4
DA:284,4
DA:285,4
DA:287,1
DA:288,1
DA:289,1
DA:291,1
DA:292,1
DA:293,1
DA:294,1
DA:295,1
DA:296,1
DA:298,4
DA:299,3
DA:300,3
DA:301,2
DA:302,2
DA:303,2
DA:304,2
DA:305,8
DA:306,8
DA:307,8
DA:308,8
DA:310,2
DA:311,2
DA:312,2
DA:313,2
DA:315,1
DA:316,1
DA:317,1
DA:318,1
DA:319,4
DA:320,4
DA:321,4
DA:322,4
DA:324,1
DA:325,1
DA:326,1
DA:327,1
DA:329,1
DA:330,1
DA:331,1
DA:332,1
DA:333,1
DA:334,1
DA:335,1
DA:336,1
DA:337,1
DA:343,1
DA:344,1
DA:345,1
LF:270
LH:261
BRDA:1,0,0,2
BRDA:1,1,0,6
BRDA:3,2,0,5
BRDA:3,2,1,1
BRDA:3,3,0,6
BRDA:3,3,1,5
BRDA:9,4,0,1
BRDA:9,4,1,1
BRDA:44,5,0,0
BRDA:44,5,1,0
BRDA:45,6,0,0
BRDA:45,6,1,0
BRDA:45,6,2,0
BRDA:46,7,0,0
BRDA:46,7,1,0
BRDA:52,8,0,0
BRDA:52,8,1,0
BRDA:53,9,0,0
BRDA:53,9,1,0
BRDA:60,10,0,0
BRDA:60,11,0,19
BRDA:61,12,0,28
BRDA:61,12,1,0
BRDA:62,13,0,3
BRDA:62,13,1,25
BRDA:62,14,0,28
BRDA:62,14,1,9
BRDA:63,15,0,2
BRDA:63,15,1,1
BRDA:65,16,0,1
BRDA:65,16,1,1
BRDA:88,17,0,3
BRDA:88,17,1,22
BRDA:88,18,0,25
BRDA:88,18,1,6
BRDA:89,19,0,2
BRDA:89,19,1,1
BRDA:91,20,0,1
BRDA:91,20,1,1
BRDA:116,21,0,3
BRDA:116,21,1,19
BRDA:116,22,0,22
BRDA:116,22,1,9
BRDA:117,23,0,2
BRDA:117,23,1,1
BRDA:119,24,0,1
BRDA:119,24,1,1
BRDA:142,25,0,3
BRDA:142,25,1,16
BRDA:142,26,0,19
BRDA:142,26,1,6
BRDA:143,27,0,2
BRDA:143,27,1,1
BRDA:145,28,0,1
BRDA:145,28,1,1
BRDA:169,29,0,3
BRDA:169,29,1,13
BRDA:170,30,0,2
BRDA:170,30,1,1
BRDA:172,31,0,1
BRDA:172,31,1,1
BRDA:201,32,0,3
BRDA:201,32,1,10
BRDA:202,33,0,2
BRDA:202,33,1,1
BRDA:204,34,0,1
BRDA:204,34,1,1
BRDA:233,35,0,3
BRDA:233,35,1,7
BRDA:234,36,0,2
BRDA:234,36,1,1
BRDA:236,37,0,1
BRDA:236,37,1,1
BRDA:265,38,0,3
BRDA:265,38,1,4
BRDA:266,39,0,2
BRDA:266,39,1,1
BRDA:268,40,0,1
BRDA:268,40,1,1
BRDA:298,41,0,3
BRDA:298,41,1,1
BRDA:300,42,0,2
BRDA:300,42,1,1
BRF:83
BRH:70
end_of_record
